###
### Using 'gcc' toolset.
###
rm -rf bootstrap
mkdir bootstrap
gcc -o bootstrap/jam0 command.c compile.c constants.c debug.c execcmd.c frames.c function.c glob.c hash.c hdrmacro.c headers.c jam.c jambase.c jamgram.c lists.c make.c make1.c object.c option.c output.c parse.c pathsys.c regexp.c rules.c scan.c search.c subst.c timestamp.c variable.c modules.c strings.c filesys.c builtins.c class.c cwd.c native.c md5.c w32_getreg.c modules/set.c modules/path.c modules/regex.c modules/property-set.c modules/sequence.c modules/order.c execunix.c fileunix.c pathunix.c
modules/path.c: In function ‘path_exists’:
modules/path.c:16:12: warning: implicit declaration of function ‘file_query’ [-Wimplicit-function-declaration]
   16 |     return file_query( list_front( lol_get( frame->args, 0 ) ) ) ?
      |            ^~~~~~~~~~
./bootstrap/jam0 -f build.jam --toolset=gcc --toolset-root= clean
...found 1 target...
...updating 1 target...
[DELETE] clean
...updated 1 target...
./bootstrap/jam0 -f build.jam --toolset=gcc --toolset-root=
...found 158 targets...
...updating 2 targets...
[COMPILE] bin.linuxx86_64/b2
execcmd.c: In function ‘argv_from_shell’:
execcmd.c:54:22: warning: ‘%d’ directive writing between 1 and 11 bytes into a region of size 4 [-Wformat-overflow=]
   54 |     sprintf( jobno, "%d", slot + 1 );
      |                      ^~
execcmd.c:54:21: note: directive argument in the range [-2147483647, 2147483647]
   54 |     sprintf( jobno, "%d", slot + 1 );
      |                     ^~~~
In file included from /usr/include/stdio.h:980,
                 from jam.h:298,
                 from execcmd.c:11:
In function ‘sprintf’,
    inlined from ‘argv_from_shell’ at execcmd.c:54:5:
/usr/include/x86_64-linux-gnu/bits/stdio2.h:30:10: note: ‘__builtin___sprintf_chk’ output between 2 and 12 bytes into a destination of size 4
   30 |   return __builtin___sprintf_chk (__s, __USE_FORTIFY_LEVEL - 1,
      |          ^~~~~~~~~~~~~~~~~~~~~~~~~~~~~~~~~~~~~~~~~~~~~~~~~~~~~~
   31 |                                   __glibc_objsize (__s), __fmt,
      |                                   ~~~~~~~~~~~~~~~~~~~~~~~~~~~~~
   32 |                                   __va_arg_pack ());
      |                                   ~~~~~~~~~~~~~~~~~
modules/path.c: In function ‘path_exists’:
modules/path.c:16:12: warning: implicit declaration of function ‘file_query’ [-Wimplicit-function-declaration]
   16 |     return file_query( list_front( lol_get( frame->args, 0 ) ) ) ?
      |            ^~~~~~~~~~
[COPY] bin.linuxx86_64/bjam
...updated 2 targets...
